<?xml version="1.0" encoding="UTF-8"?>
<!-- Generated by org.testng.reporters.JUnitReportReporter -->
<testsuite hostname="DESKTOP-1QBSVOI" failures="0" tests="1" name="com.w2a.testcases.LoginTest" time="5.459" errors="0" timestamp="09 May 2022 17:52:35 GMT" skipped="0">
  <testcase classname="com.w2a.testcases.LoginTest" name="loginBankManager" time="5.459"/>
</testsuite> <!-- com.w2a.testcases.LoginTest -->
